#
# A fatal error has been detected by the Java Runtime Environment:
#
#  Internal Error (javaClasses.cpp:136), pid=2756, tid=5684
#  fatal error: Invalid layout of preloaded class
#
# JRE version:  (7.0_40-b43) (build )
# Java VM: Java HotSpot(TM) 64-Bit Server VM (24.0-b56 mixed mode windows-amd64 compressed oops)
# Failed to write core dump. Minidumps are not enabled by default on client versions of Windows
#
# If you would like to submit a bug report, please visit:
#   http://bugreport.sun.com/bugreport/crash.jsp
#

---------------  T H R E A D  ---------------

Current thread (0x00000000026a0800):  JavaThread "Unknown thread" [_thread_in_vm, id=5684, stack(0x00000000024e0000,0x00000000025e0000)]

Stack: [0x00000000024e0000,0x00000000025e0000]

---------------  P R O C E S S  ---------------

Java Threads: ( => current thread )

Other Threads:

=>0x00000000026a0800 (exited) JavaThread "Unknown thread" [_thread_in_vm, id=5684, stack(0x00000000024e0000,0x00000000025e0000)]

VM state:not at safepoint (not fully initialized)

VM Mutex/Monitor currently owned by a thread: None

GC Heap History (0 events):
No events

Deoptimization events (0 events):
No events

Internal exceptions (0 events):
No events

Events (10 events):
Event: 0.009 loading class 0x00000000026ee8e0 done
Event: 0.010 loading class 0x00000000026ee300 done
Event: 0.010 loading class 0x00000000026ee2e0
Event: 0.010 loading class 0x00000000026f63e0
Event: 0.010 loading class 0x00000000026f63e0 done
Event: 0.010 loading class 0x00000000026f6410
Event: 0.010 loading class 0x00000000026f6410 done
Event: 0.010 loading class 0x00000000026f6440
Event: 0.010 loading class 0x00000000026f6440 done
Event: 0.010 loading class 0x00000000026ee2e0 done


Dynamic libraries:
0x00007ff780460000 - 0x00007ff780493000 	C:\Program Files\Java\jre7\bin\javaw.exe
0x00007ff9c9990000 - 0x00007ff9c9b39000 	C:\WINDOWS\SYSTEM32\ntdll.dll
0x00007ff9c94a0000 - 0x00007ff9c95d9000 	C:\WINDOWS\system32\KERNEL32.DLL
0x00007ff9c6fc0000 - 0x00007ff9c70ce000 	C:\WINDOWS\system32\KERNELBASE.dll
0x00007ff9c5680000 - 0x00007ff9c570b000 	C:\WINDOWS\system32\apphelp.dll
0x00007ff9b8f70000 - 0x00007ff9b8fbc000 	C:\WINDOWS\AppPatch\AppPatch64\AcGenral.DLL
0x00007ff9c76c0000 - 0x00007ff9c7767000 	C:\WINDOWS\system32\msvcrt.dll
0x00007ff9c6b90000 - 0x00007ff9c6bbb000 	C:\WINDOWS\SYSTEM32\SspiCli.dll
0x00007ff9c72f0000 - 0x00007ff9c7341000 	C:\WINDOWS\system32\SHLWAPI.dll
0x00007ff9c8fe0000 - 0x00007ff9c9151000 	C:\WINDOWS\system32\USER32.dll
0x00007ff9c7540000 - 0x00007ff9c76b6000 	C:\WINDOWS\system32\ole32.dll
0x00007ff9c7770000 - 0x00007ff9c8b7f000 	C:\WINDOWS\system32\SHELL32.dll
0x00007ff9c6370000 - 0x00007ff9c638f000 	C:\WINDOWS\SYSTEM32\USERENV.dll
0x00007ff9c7240000 - 0x00007ff9c72e5000 	C:\WINDOWS\system32\ADVAPI32.dll
0x00007ff9bc7e0000 - 0x00007ff9bc7fb000 	C:\WINDOWS\SYSTEM32\MPR.dll
0x00007ff9c92a0000 - 0x00007ff9c93d6000 	C:\WINDOWS\system32\RPCRT4.dll
0x00007ff9c97f0000 - 0x00007ff9c9847000 	C:\WINDOWS\SYSTEM32\sechost.dll
0x00007ff9c8c60000 - 0x00007ff9c8e37000 	C:\WINDOWS\SYSTEM32\combase.dll
0x00007ff9c9690000 - 0x00007ff9c97d5000 	C:\WINDOWS\system32\GDI32.dll
0x00007ff9c6d10000 - 0x00007ff9c6d24000 	C:\WINDOWS\SYSTEM32\profapi.dll
0x00007ff9c5310000 - 0x00007ff9c53b1000 	C:\WINDOWS\SYSTEM32\SHCORE.dll
0x00007ff9c9160000 - 0x00007ff9c9194000 	C:\WINDOWS\system32\IMM32.DLL
0x00007ff9c9850000 - 0x00007ff9c9988000 	C:\WINDOWS\system32\MSCTF.dll
0x00007ff9c6cd0000 - 0x00007ff9c6cff000 	C:\WINDOWS\system32\nvinitx.dll
0x000000000f000000 - 0x000000000f006000 	C:\Program Files\NVIDIA Corporation\CoProcManager\detoured.dll
0x00007ff9c4800000 - 0x00007ff9c485f000 	C:\Program Files\NVIDIA Corporation\CoProcManager\nvd3d9wrapx.dll
0x00007ff9c7350000 - 0x00007ff9c7526000 	C:\WINDOWS\system32\SETUPAPI.dll
0x00007ff9c70d0000 - 0x00007ff9c711a000 	C:\WINDOWS\system32\CFGMGR32.dll
0x00007ff9c47b0000 - 0x00007ff9c47f6000 	C:\Program Files\NVIDIA Corporation\CoProcManager\nvdxgiwrapx.dll
0x00007ff9c4ed0000 - 0x00007ff9c512a000 	C:\WINDOWS\WinSxS\amd64_microsoft.windows.common-controls_6595b64144ccf1df_6.0.9600.16384_none_62475f7becb72503\COMCTL32.dll
0x0000000073a40000 - 0x0000000073b11000 	C:\Program Files\Java\jre7\bin\msvcr100.dll
0x0000000073270000 - 0x0000000073a39000 	C:\Program Files\Java\jre7\bin\server\jvm.dll
0x00007ff9bb700000 - 0x00007ff9bb709000 	C:\WINDOWS\SYSTEM32\WSOCK32.dll
0x00007ff9c4110000 - 0x00007ff9c412f000 	C:\WINDOWS\SYSTEM32\WINMM.dll
0x00007ff9c8be0000 - 0x00007ff9c8be7000 	C:\WINDOWS\system32\PSAPI.DLL
0x00007ff9c91a0000 - 0x00007ff9c91f8000 	C:\WINDOWS\system32\WS2_32.dll
0x00007ff9c40d0000 - 0x00007ff9c40fa000 	C:\WINDOWS\SYSTEM32\WINMMBASE.dll
0x00007ff9c7530000 - 0x00007ff9c7539000 	C:\WINDOWS\system32\NSI.dll
0x00007ff9c5bc0000 - 0x00007ff9c5be6000 	C:\WINDOWS\SYSTEM32\DEVOBJ.dll
0x0000000073ce0000 - 0x0000000073cef000 	C:\Program Files\Java\jre7\bin\verify.dll
0x0000000073240000 - 0x0000000073268000 	C:\Program Files\Java\jre7\bin\java.dll
0x0000000073220000 - 0x0000000073235000 	C:\Program Files\Java\jre7\bin\zip.dll

VM Arguments:
jvm_args: -Dfile.encoding=Cp1252 -Xbootclasspath:D:\Programming\Android SDK\adt-bundle-windows-x86_64-20130219\sdk\platforms\android-18\android.jar 
java_command: com.example.beeproject.global.classes.DatabaseConfigUtil
Launcher Type: SUN_STANDARD

Environment Variables:
JAVA_HOME=C:\Program Files (x86)\Java\jdk1.7.0_40
PATH=C:\Program Files (x86)\NVIDIA Corporation\PhysX\Common;C:\WINDOWS\system32;C:\WINDOWS;C:\WINDOWS\System32\Wbem;C:\WINDOWS\System32\WindowsPowerShell\v1.0\;C:\Program Files (x86)\Intel\OpenCL SDK\2.0\bin\x86;C:\Program Files (x86)\Intel\OpenCL SDK\2.0\bin\x64;C:\Program Files (x86)\Java\jdk1.7.0_40\bin;C:\Program Files (x86)\Windows Live\Shared;c:\Program Files (x86)\Microsoft SQL Server\100\Tools\Binn\;c:\Program Files\Microsoft SQL Server\100\Tools\Binn\;c:\Program Files\Microsoft SQL Server\100\DTS\Binn\
USERNAME=Kenny
OS=Windows_NT
PROCESSOR_IDENTIFIER=Intel64 Family 6 Model 42 Stepping 7, GenuineIntel



---------------  S Y S T E M  ---------------

OS: Windows 8 , 64 bit Build 9200 

CPU:total 8 (4 cores per cpu, 2 threads per core) family 6 model 42 stepping 7, cmov, cx8, fxsr, mmx, sse, sse2, sse3, ssse3, sse4.1, sse4.2, popcnt, avx, aes, ht, tsc, tscinvbit

Memory: 4k page, physical 6196392k(3142368k free), swap 7179432k(2941984k free)

vm_info: Java HotSpot(TM) 64-Bit Server VM (24.0-b56) for windows-amd64 JRE (1.7.0_40-b43), built on Aug 26 2013 22:38:32 by "java_re" with unknown MS VC++:1600

time: Fri Dec 06 13:43:10 2013
elapsed time: 0 seconds

